<?xml version="1.0" encoding="UTF-8"?>
<testsuite xmlns:xsi="http://www.w3.org/2001/XMLSchema-instance" xsi:noNamespaceSchemaLocation="https://maven.apache.org/surefire/maven-surefire-plugin/xsd/surefire-test-report-3.0.xsd" version="3.0" name="com.ebox3.server.ServerApplicationTests" time="13.538" tests="1" errors="0" skipped="0" failures="0">
  <properties>
[...]
</properties>
  <testcase name="contextLoads" classname="com.ebox3.server.ServerApplicationTests" time="0.614">
    <system-out><![CDATA[23:15:09.221 [main] INFO org.springframework.test.context.support.AnnotationConfigContextLoaderUtils -- Could not detect default configuration classes for test class [com.ebox3.server.ServerApplicationTests]: ServerApplicationTests does not declare any static, non-private, non-final, nested classes annotated with @Configuration.
23:15:09.350 [main] INFO org.springframework.boot.test.context.SpringBootTestContextBootstrapper -- Found @SpringBootConfiguration com.ebox3.server.ServerApplication for test class com.ebox3.server.ServerApplicationTests

  .   ____          _            __ _ _
 /\\ / ___'_ __ _ _(_)_ __  __ _ \ \ \ \
( ( )\___ | '_ | '_| | '_ \/ _` | \ \ \ \
 \\/  ___)| |_)| | | | | || (_| |  ) ) ) )
  '  |____| .__|_| |_|_| |_\__, | / / / /
 =========|_|==============|___/=/_/_/_/
 :: Spring Boot ::                (v3.1.3)

2023-09-30T23:15:09.860+02:00  INFO 22144 --- [           main] c.ebox3.server.ServerApplicationTests    : Starting ServerApplicationTests using Java 17.0.5 with PID 22144 (started by stepp in C:\work\ebox3-server)
2023-09-30T23:15:09.862+02:00  INFO 22144 --- [           main] c.ebox3.server.ServerApplicationTests    : No active profile set, falling back to 1 default profile: "default"
2023-09-30T23:15:09.908+02:00 DEBUG 22144 --- [           main] o.s.w.c.s.GenericWebApplicationContext   : Refreshing org.springframework.web.context.support.GenericWebApplicationContext@2f4919b0
2023-09-30T23:15:11.686+02:00  INFO 22144 --- [           main] .s.d.r.c.RepositoryConfigurationDelegate : Bootstrapping Spring Data JPA repositories in DEFAULT mode.
2023-09-30T23:15:11.827+02:00  INFO 22144 --- [           main] .s.d.r.c.RepositoryConfigurationDelegate : Finished Spring Data repository scanning in 125 ms. Found 13 JPA repository interfaces.
2023-09-30T23:15:12.460+02:00  INFO 22144 --- [           main] o.hibernate.jpa.internal.util.LogHelper  : HHH000204: Processing PersistenceUnitInfo [name: default]
2023-09-30T23:15:12.526+02:00  INFO 22144 --- [           main] org.hibernate.Version                    : HHH000412: Hibernate ORM core version 6.2.7.Final
2023-09-30T23:15:12.528+02:00  INFO 22144 --- [           main] org.hibernate.cfg.Environment            : HHH000406: Using bytecode reflection optimizer
2023-09-30T23:15:12.737+02:00  INFO 22144 --- [           main] o.h.b.i.BytecodeProviderInitiator        : HHH000021: Bytecode provider name : bytebuddy
2023-09-30T23:15:12.914+02:00  INFO 22144 --- [           main] o.s.o.j.p.SpringPersistenceUnitInfo      : No LoadTimeWeaver setup: ignoring JPA class transformer
2023-09-30T23:15:12.937+02:00  INFO 22144 --- [           main] com.zaxxer.hikari.HikariDataSource       : HikariPool-1 - Starting...
2023-09-30T23:15:13.180+02:00  INFO 22144 --- [           main] com.zaxxer.hikari.pool.HikariPool        : HikariPool-1 - Added connection com.mysql.cj.jdbc.ConnectionImpl@12448de1
2023-09-30T23:15:13.183+02:00  INFO 22144 --- [           main] com.zaxxer.hikari.HikariDataSource       : HikariPool-1 - Start completed.
2023-09-30T23:15:13.731+02:00  INFO 22144 --- [           main] o.h.b.i.BytecodeProviderInitiator        : HHH000021: Bytecode provider name : bytebuddy
2023-09-30T23:15:14.888+02:00  INFO 22144 --- [           main] o.h.e.t.j.p.i.JtaPlatformInitiator       : HHH000490: Using JtaPlatform implementation: [org.hibernate.engine.transaction.jta.platform.internal.NoJtaPlatform]
2023-09-30T23:15:18.195+02:00  INFO 22144 --- [           main] j.LocalContainerEntityManagerFactoryBean : Initialized JPA EntityManagerFactory for persistence unit 'default'
2023-09-30T23:15:18.202+02:00  INFO 22144 --- [           main] c.e.s.ServerApplication$$SpringCGLIB$$0  : Current time zone set to sun.util.calendar.ZoneInfo[id="Europe/Zurich",offset=3600000,dstSavings=3600000,useDaylight=true,transitions=119,lastRule=java.util.SimpleTimeZone[id=Europe/Zurich,offset=3600000,dstSavings=3600000,useDaylight=true,startYear=0,startMode=2,startMonth=2,startDay=-1,startDayOfWeek=1,startTime=3600000,startTimeMode=2,endMode=2,endMonth=9,endDay=-1,endDayOfWeek=1,endTime=3600000,endTimeMode=2]]
2023-09-30T23:15:18.203+02:00  INFO 22144 --- [           main] c.e.s.ServerApplication$$SpringCGLIB$$0  : Current time: 2023-09-30T23:15:18.203056100
2023-09-30T23:15:18.999+02:00  INFO 22144 --- [           main] o.s.d.j.r.query.QueryEnhancerFactory     : Hibernate is in classpath; If applicable, HQL parser will be used.
2023-09-30T23:15:20.784+02:00  WARN 22144 --- [           main] JpaBaseConfiguration$JpaWebConfiguration : spring.jpa.open-in-view is enabled by default. Therefore, database queries may be performed during view rendering. Explicitly configure spring.jpa.open-in-view to disable this warning
2023-09-30T23:15:21.040+02:00  INFO 22144 --- [           main] o.s.s.web.DefaultSecurityFilterChain     : Will secure any request with [org.springframework.security.web.session.DisableEncodeUrlFilter@353ab9e5, org.springframework.security.web.context.request.async.WebAsyncManagerIntegrationFilter@46aaf47c, org.springframework.security.web.context.SecurityContextHolderFilter@19dffe76, org.springframework.security.web.header.HeaderWriterFilter@4184bced, org.springframework.web.filter.CorsFilter@581a0bf, org.springframework.security.web.authentication.logout.LogoutFilter@c3acda3, com.ebox3.server.config.JwtAuthenticationFilter@8929865, org.springframework.security.web.savedrequest.RequestCacheAwareFilter@9a1b870, org.springframework.security.web.servletapi.SecurityContextHolderAwareRequestFilter@39090979, org.springframework.security.web.authentication.AnonymousAuthenticationFilter@2b33553b, org.springframework.security.web.session.SessionManagementFilter@32317a37, org.springframework.security.web.access.ExceptionTranslationFilter@6c861b25, org.springframework.security.web.access.intercept.AuthorizationFilter@4fa78886]
2023-09-30T23:15:21.513+02:00 DEBUG 22144 --- [           main] s.w.s.m.m.a.RequestMappingHandlerAdapter : ControllerAdvice beans: 0 @ModelAttribute, 0 @InitBinder, 1 RequestBodyAdvice, 1 ResponseBodyAdvice
2023-09-30T23:15:21.662+02:00 DEBUG 22144 --- [           main] s.w.s.m.m.a.RequestMappingHandlerMapping : 106 mappings in 'requestMappingHandlerMapping'
2023-09-30T23:15:21.708+02:00 DEBUG 22144 --- [           main] o.s.w.s.handler.SimpleUrlHandlerMapping  : Patterns [/webjars/**, /**] in 'resourceHandlerMapping'
2023-09-30T23:15:21.732+02:00 DEBUG 22144 --- [           main] .m.m.a.ExceptionHandlerExceptionResolver : ControllerAdvice beans: 1 @ExceptionHandler, 1 ResponseBodyAdvice
2023-09-30T23:15:21.910+02:00  INFO 22144 --- [           main] c.ebox3.server.ServerApplicationTests    : Started ServerApplicationTests in 12.362 seconds (process running for 13.587)
]]></system-out>
  </testcase>
</testsuite>